2023.03.01 05:03:23 INFO  tracing is disabled for protocol LSP, to enable tracing of incoming and outgoing JSON messages create an empty file at /build/cahp-ruby/.metals/lsp.trace.json or /root/.cache/metals/lsp.trace.json
2023.03.01 05:03:23 INFO  logging to file /build/cahp-ruby/.metals/metals.log
2023.03.01 05:03:23 INFO  Started: Metals version 0.11.10 in workspace '/build/cahp-ruby' for client Visual Studio Code 1.75.1.
2023.03.01 05:03:23 WARN  Can't instantiate JavaInteractiveSemanticdb (version: JdkVersion(11), jdkHome: /usr/lib/jvm/java-11-openjdk-amd64, javac exists: false)
SLF4J: No SLF4J providers were found.
SLF4J: Defaulting to no-operation (NOP) logger implementation
SLF4J: See https://www.slf4j.org/codes.html#noProviders for further details.
SLF4J: Class path contains SLF4J bindings targeting slf4j-api versions 1.7.x or earlier.
SLF4J: Ignoring binding found at [jar:file:/root/.cache/coursier/v1/https/repo1.maven.org/maven2/com/outr/scribe-slf4j_2.13/3.10.5/scribe-slf4j_2.13-3.10.5.jar!/org/slf4j/impl/StaticLoggerBinder.class]
SLF4J: See https://www.slf4j.org/codes.html#ignoredBindings for an explanation.
2023.03.01 05:03:24 INFO  time: initialize in 0.81s
2023.03.01 05:03:26 WARN  Build server is not auto-connectable.
2023.03.01 05:03:26 WARN  no build target for: /build/cahp-ruby/src/main/scala/ALU.scala
2023.03.01 05:03:29 INFO  no build target found for /build/cahp-ruby/src/main/scala/ALU.scala. Using presentation compiler with project's scala-library version: 3.2.1
2023.03.01 05:03:30 INFO  time: code lens generation in 4.33s
2023.03.01 05:03:33 INFO  running '/usr/lib/jvm/java-11-openjdk-amd64/bin/java -Djline.terminal=jline.UnsupportedTerminal -Dsbt.log.noformat=true -Dfile.encoding=UTF-8 -jar /tmp/metals13350651559542583833/sbt-launch.jar -Dbloop.export-jar-classifiers=sources bloopInstall'
2023.03.01 05:03:33 WARN  no build target for: /build/cahp-ruby/project/metals.sbt
2023.03.01 05:03:33 INFO  skipping build import with status 'Started'
2023.03.01 05:03:37 INFO  [info] Loading settings for project cahp-ruby-build-build from metals.sbt ...
2023.03.01 05:03:37 INFO  [info] Loading project definition from /build/cahp-ruby/project/project
2023.03.01 05:03:42 INFO  [info] Loading settings for project cahp-ruby-build from metals.sbt ...
2023.03.01 05:03:42 INFO  [info] Loading project definition from /build/cahp-ruby/project
2023.03.01 05:03:47 INFO  [success] Generated .bloop/cahp-ruby-build.json
2023.03.01 05:03:47 INFO  [success] Total time: 5 s, completed Mar 1, 2023, 5:03:47 AM
2023.03.01 05:03:49 INFO  [info] Loading settings for project cahp-ruby from build.sbt ...
2023.03.01 05:03:49 INFO  [info] Set current project to cahp-ruby (in build file:/build/cahp-ruby/)
2023.03.01 05:03:51 INFO  [success] Generated .bloop/cahp-ruby-test.json
2023.03.01 05:03:51 INFO  [success] Generated .bloop/cahp-ruby.json
2023.03.01 05:03:51 INFO  [success] Total time: 2 s, completed Mar 1, 2023, 5:03:51 AM
2023.03.01 05:03:51 INFO  time: ran 'sbt bloopInstall' in 18s
2023.03.01 05:03:51 INFO  Attempting to connect to the build server...
2023.03.01 05:03:51 INFO  Setting up current java home /usr/lib/jvm/java-11-openjdk-amd64 in /root/.bloop/bloop.json
2023.03.01 05:03:55 WARN  no build target for: /build/cahp-ruby/src/main/scala/ALU.scala
2023.03.01 05:04:00 WARN  no build target for: /build/cahp-ruby/src/main/scala/ALU.scala
Exception in thread "pool-3-thread-1" java.lang.InterruptedException
	at scala.meta.internal.metals.FutureCancelToken.checkCanceled(FutureCancelToken.scala:29)
	at scala.meta.internal.pc.CompilerAccess.onCompilerJobQueue$$anonfun$1(CompilerAccess.scala:195)
	at scala.meta.internal.pc.CompilerJobQueue$Job.run(CompilerJobQueue.scala:152)
	at java.base/java.util.concurrent.ThreadPoolExecutor.runWorker(ThreadPoolExecutor.java:1128)
	at java.base/java.util.concurrent.ThreadPoolExecutor$Worker.run(ThreadPoolExecutor.java:628)
	at java.base/java.lang.Thread.run(Thread.java:829)
Exception in thread "pool-3-thread-2" java.lang.InterruptedException
	at scala.meta.internal.metals.FutureCancelToken.checkCanceled(FutureCancelToken.scala:29)
	at scala.meta.internal.pc.CompilerAccess.onCompilerJobQueue$$anonfun$1(CompilerAccess.scala:195)
	at scala.meta.internal.pc.CompilerJobQueue$Job.run(CompilerJobQueue.scala:152)
	at java.base/java.util.concurrent.ThreadPoolExecutor.runWorker(ThreadPoolExecutor.java:1128)
	at java.base/java.util.concurrent.ThreadPoolExecutor$Worker.run(ThreadPoolExecutor.java:628)
	at java.base/java.lang.Thread.run(Thread.java:829)
2023.03.01 05:04:07 INFO  tracing is disabled for protocol BSP, to enable tracing of incoming and outgoing JSON messages create an empty file at /build/cahp-ruby/.metals/bsp.trace.json or /root/.cache/metals/bsp.trace.json
2023.03.01 05:04:10 INFO  Attempting to connect to the build server...
2023.03.01 05:04:10 INFO  Bloop uses /usr/lib/jvm/java-11-openjdk-amd64 defined at /root/.bloop/bloop.json
2023.03.01 05:04:10 INFO  tracing is disabled for protocol BSP, to enable tracing of incoming and outgoing JSON messages create an empty file at /build/cahp-ruby/project/.metals/bsp.trace.json or /root/.cache/metals/bsp.trace.json
2023.03.01 05:04:12 INFO  time: Connected to build server in 20s
2023.03.01 05:04:12 INFO  Connected to Build server: Bloop v1.5.6
2023.03.01 05:04:12 INFO  time: Imported build in 0.25s
2023.03.01 05:04:16 ERROR Failed to fetch mtags for 2.12.8
Error downloading org.scalameta:mtags_2.12.8:0.11.10
  not found: /root/.ivy2/local/org.scalameta/mtags_2.12.8/0.11.10/ivys/ivy.xml
  not found: https://repo1.maven.org/maven2/org/scalameta/mtags_2.12.8/0.11.10/mtags_2.12.8-0.11.10.pom
  not found: https://oss.sonatype.org/content/repositories/public/org/scalameta/mtags_2.12.8/0.11.10/mtags_2.12.8-0.11.10.pom
  not found: https://oss.sonatype.org/content/repositories/snapshots/org/scalameta/mtags_2.12.8/0.11.10/mtags_2.12.8-0.11.10.pom
2023.03.01 05:04:18 ERROR Failed to fetch mtags for 2.12.8
Error downloading org.scalameta:mtags_2.12.8:0.11.10
  not found: /root/.ivy2/local/org.scalameta/mtags_2.12.8/0.11.10/ivys/ivy.xml
  not found: https://repo1.maven.org/maven2/org/scalameta/mtags_2.12.8/0.11.10/mtags_2.12.8-0.11.10.pom
  not found: https://oss.sonatype.org/content/repositories/public/org/scalameta/mtags_2.12.8/0.11.10/mtags_2.12.8-0.11.10.pom
  not found: https://oss.sonatype.org/content/repositories/snapshots/org/scalameta/mtags_2.12.8/0.11.10/mtags_2.12.8-0.11.10.pom
2023.03.01 05:04:24 ERROR Failed to fetch mtags for 2.12.8
Error downloading org.scalameta:mtags_2.12.8:0.11.10
  not found: /root/.ivy2/local/org.scalameta/mtags_2.12.8/0.11.10/ivys/ivy.xml
  not found: https://repo1.maven.org/maven2/org/scalameta/mtags_2.12.8/0.11.10/mtags_2.12.8-0.11.10.pom
  not found: https://oss.sonatype.org/content/repositories/public/org/scalameta/mtags_2.12.8/0.11.10/mtags_2.12.8-0.11.10.pom
  not found: https://oss.sonatype.org/content/repositories/snapshots/org/scalameta/mtags_2.12.8/0.11.10/mtags_2.12.8-0.11.10.pom
2023.03.01 05:04:24 INFO  No mtags for 2.12.8.
2023.03.01 05:04:26 WARN  Could not find java sources in /usr/lib/jvm/src.zip, /usr/lib/jvm/lib/src.zip, /usr/lib/jvm/java-11-openjdk-amd64/src.zip, /usr/lib/jvm/java-11-openjdk-amd64/lib/src.zip. Java symbols will not be available.
2023.03.01 05:04:28 WARN  Could not find java sources in /usr/lib/jvm/src.zip, /usr/lib/jvm/lib/src.zip, /usr/lib/jvm/java-11-openjdk-amd64/src.zip, /usr/lib/jvm/java-11-openjdk-amd64/lib/src.zip. Java symbols will not be available.
2023.03.01 05:04:28 WARN  Could not find java sources in /usr/lib/jvm/src.zip, /usr/lib/jvm/lib/src.zip, /usr/lib/jvm/java-11-openjdk-amd64/src.zip, /usr/lib/jvm/java-11-openjdk-amd64/lib/src.zip. Java symbols will not be available.
2023.03.01 05:04:28 INFO  time: indexed workspace in 15s
2023.03.01 05:04:28 INFO  No mtags for 2.12.8.
2023.03.01 05:04:28 WARN  unsupported Scala 2.12.8
2023.03.01 05:04:43 INFO  compiling cahp-ruby (19 scala sources)
2023.03.01 05:04:53 INFO  No mtags for 2.12.8.
2023.03.01 05:04:53 WARN  unsupported Scala 2.12.8
2023.03.01 05:04:56 INFO  shutting down Metals
2023.03.01 05:04:56 INFO  Shut down connection with build server.
2023.03.01 05:04:56 INFO  Shut down connection with build server.
Mar 01, 2023 5:04:56 AM org.eclipse.lsp4j.jsonrpc.RemoteEndpoint notify
INFO: Failed to send notification message.
org.eclipse.lsp4j.jsonrpc.JsonRpcException: java.nio.channels.AsynchronousCloseException
	at org.eclipse.lsp4j.jsonrpc.json.StreamMessageConsumer.consume(StreamMessageConsumer.java:72)
	at org.eclipse.lsp4j.jsonrpc.RemoteEndpoint.notify(RemoteEndpoint.java:126)
	at org.eclipse.lsp4j.jsonrpc.RemoteEndpoint.sendCancelNotification(RemoteEndpoint.java:180)
	at org.eclipse.lsp4j.jsonrpc.RemoteEndpoint$1.cancel(RemoteEndpoint.java:150)
	at scala.meta.internal.metals.BuildServerConnection.$anonfun$register$2(BuildServerConnection.scala:344)
	at scala.runtime.java8.JFunction0$mcZ$sp.apply(JFunction0$mcZ$sp.scala:17)
	at scala.util.Try$.apply(Try.scala:210)
	at scala.meta.internal.metals.BuildServerConnection.$anonfun$register$1(BuildServerConnection.scala:344)
	at scala.meta.internal.metals.Cancelable$$anon$1.cancel(Cancelable.scala:18)
	at scala.meta.internal.metals.Cancelable$.$anonfun$cancelAll$1(Cancelable.scala:29)
	at scala.collection.immutable.List.foreach(List.scala:333)
	at scala.meta.internal.metals.Cancelable$.cancelAll(Cancelable.scala:28)
	at scala.meta.internal.metals.MutableCancelable.cancel(MutableCancelable.scala:25)
	at scala.meta.internal.metals.BuildServerConnection.cancel(BuildServerConnection.scala:281)
	at scala.meta.internal.metals.BuildServerConnection.$anonfun$shutdown$1(BuildServerConnection.scala:121)
	at scala.meta.internal.metals.BuildServerConnection.$anonfun$shutdown$1$adapted(BuildServerConnection.scala:114)
	at scala.concurrent.impl.Promise$Transformation.run(Promise.scala:467)
	at java.base/java.util.concurrent.ThreadPoolExecutor.runWorker(ThreadPoolExecutor.java:1128)
	at java.base/java.util.concurrent.ThreadPoolExecutor$Worker.run(ThreadPoolExecutor.java:628)
	at java.base/java.lang.Thread.run(Thread.java:829)
Caused by: java.nio.channels.AsynchronousCloseException
	at java.base/java.nio.channels.spi.AbstractInterruptibleChannel.end(AbstractInterruptibleChannel.java:202)
	at java.base/sun.nio.ch.SinkChannelImpl.endWrite(SinkChannelImpl.java:241)
	at java.base/sun.nio.ch.SinkChannelImpl.write(SinkChannelImpl.java:259)
	at java.base/java.nio.channels.Channels.writeFullyImpl(Channels.java:74)
	at java.base/java.nio.channels.Channels.writeFully(Channels.java:94)
	at java.base/java.nio.channels.Channels$1.write(Channels.java:172)
	at java.base/java.io.OutputStream.write(OutputStream.java:122)
	at java.base/java.nio.channels.Channels$1.write(Channels.java:152)
	at scala.meta.internal.metals.ClosableOutputStream.write(ClosableOutputStream.scala:26)
	at java.base/java.io.FilterOutputStream.write(FilterOutputStream.java:137)
	at java.base/java.io.FilterOutputStream.write(FilterOutputStream.java:108)
	at org.eclipse.lsp4j.jsonrpc.json.StreamMessageConsumer.consume(StreamMessageConsumer.java:67)
	... 19 more

2023.03.01 05:04:56 INFO  Cancelling compilation on Bloop server
2023.03.01 06:44:32 INFO  tracing is disabled for protocol LSP, to enable tracing of incoming and outgoing JSON messages create an empty file at /build/cahp-ruby/.metals/lsp.trace.json or /root/.cache/metals/lsp.trace.json
2023.03.01 06:44:33 INFO  logging to file /build/cahp-ruby/.metals/metals.log
2023.03.01 06:44:33 INFO  Started: Metals version 0.11.10 in workspace '/build/cahp-ruby' for client Visual Studio Code 1.75.1.
2023.03.01 06:44:33 WARN  Can't instantiate JavaInteractiveSemanticdb (version: JdkVersion(11), jdkHome: /usr/lib/jvm/java-11-openjdk-amd64, javac exists: false)
SLF4J: No SLF4J providers were found.
SLF4J: Defaulting to no-operation (NOP) logger implementation
SLF4J: See https://www.slf4j.org/codes.html#noProviders for further details.
SLF4J: Class path contains SLF4J bindings targeting slf4j-api versions 1.7.x or earlier.
SLF4J: Ignoring binding found at [jar:file:/root/.cache/coursier/v1/https/repo1.maven.org/maven2/com/outr/scribe-slf4j_2.13/3.10.5/scribe-slf4j_2.13-3.10.5.jar!/org/slf4j/impl/StaticLoggerBinder.class]
SLF4J: See https://www.slf4j.org/codes.html#ignoredBindings for an explanation.
2023.03.01 06:44:34 INFO  time: initialize in 0.77s
2023.03.01 06:44:35 INFO  Attempting to connect to the build server...
2023.03.01 06:44:35 INFO  Bloop uses /usr/lib/jvm/java-11-openjdk-amd64 defined at /root/.bloop/bloop.json
2023.03.01 06:44:36 INFO  skipping build import with status 'Installed'
2023.03.01 06:45:20 INFO  no build target found for /build/cahp-ruby/src/main/scala/ALU.scala. Using presentation compiler with project's scala-library version: 3.2.1
Mar 01, 2023 6:45:20 AM org.eclipse.lsp4j.jsonrpc.RemoteEndpoint handleCancellation
WARNING: Unmatched cancel notification for request id 5
2023.03.01 06:45:22 INFO  time: code lens generation in 4.53s
Exception in thread "pool-3-thread-1" java.lang.InterruptedException
	at scala.meta.internal.metals.FutureCancelToken.checkCanceled(FutureCancelToken.scala:29)
	at scala.meta.internal.pc.CompilerAccess.onCompilerJobQueue$$anonfun$1(CompilerAccess.scala:195)
	at scala.meta.internal.pc.CompilerJobQueue$Job.run(CompilerJobQueue.scala:152)
	at java.base/java.util.concurrent.ThreadPoolExecutor.runWorker(ThreadPoolExecutor.java:1128)
	at java.base/java.util.concurrent.ThreadPoolExecutor$Worker.run(ThreadPoolExecutor.java:628)
	at java.base/java.lang.Thread.run(Thread.java:829)
Exception in thread "pool-3-thread-3" Exception in thread "pool-3-thread-2" java.lang.InterruptedException
	at scala.meta.internal.metals.FutureCancelToken.checkCanceled(FutureCancelToken.scala:29)
	at scala.meta.internal.pc.CompilerAccess.onCompilerJobQueue$$anonfun$1(CompilerAccess.scala:195)
	at scala.meta.internal.pc.CompilerJobQueue$Job.run(CompilerJobQueue.scala:152)
	at java.base/java.util.concurrent.ThreadPoolExecutor.runWorker(ThreadPoolExecutor.java:1128)
	at java.base/java.util.concurrent.ThreadPoolExecutor$Worker.run(ThreadPoolExecutor.java:628)
	at java.base/java.lang.Thread.run(Thread.java:829)
java.lang.InterruptedException
	at scala.meta.internal.metals.FutureCancelToken.checkCanceled(FutureCancelToken.scala:29)
	at scala.meta.internal.pc.CompilerAccess.onCompilerJobQueue$$anonfun$1(CompilerAccess.scala:195)
	at scala.meta.internal.pc.CompilerJobQueue$Job.run(CompilerJobQueue.scala:152)
	at java.base/java.util.concurrent.ThreadPoolExecutor.runWorker(ThreadPoolExecutor.java:1128)
	at java.base/java.util.concurrent.ThreadPoolExecutor$Worker.run(ThreadPoolExecutor.java:628)
	at java.base/java.lang.Thread.run(Thread.java:829)
Exception in thread "pool-3-thread-4" java.lang.InterruptedException
	at scala.meta.internal.metals.FutureCancelToken.checkCanceled(FutureCancelToken.scala:29)
	at scala.meta.internal.pc.CompilerAccess.onCompilerJobQueue$$anonfun$1(CompilerAccess.scala:195)
	at scala.meta.internal.pc.CompilerJobQueue$Job.run(CompilerJobQueue.scala:152)
	at java.base/java.util.concurrent.ThreadPoolExecutor.runWorker(ThreadPoolExecutor.java:1128)
	at java.base/java.util.concurrent.ThreadPoolExecutor$Worker.run(ThreadPoolExecutor.java:628)
	at java.base/java.lang.Thread.run(Thread.java:829)
Exception in thread "pool-3-thread-5" java.lang.InterruptedException
	at scala.meta.internal.metals.FutureCancelToken.checkCanceled(FutureCancelToken.scala:29)
	at scala.meta.internal.pc.CompilerAccess.onCompilerJobQueue$$anonfun$1(CompilerAccess.scala:195)
	at scala.meta.internal.pc.CompilerJobQueue$Job.run(CompilerJobQueue.scala:152)
	at java.base/java.util.concurrent.ThreadPoolExecutor.runWorker(ThreadPoolExecutor.java:1128)
	at java.base/java.util.concurrent.ThreadPoolExecutor$Worker.run(ThreadPoolExecutor.java:628)
	at java.base/java.lang.Thread.run(Thread.java:829)
Exception in thread "pool-3-thread-6" java.lang.InterruptedException
	at scala.meta.internal.metals.FutureCancelToken.checkCanceled(FutureCancelToken.scala:29)
	at scala.meta.internal.pc.CompilerAccess.onCompilerJobQueue$$anonfun$1(CompilerAccess.scala:195)
	at scala.meta.internal.pc.CompilerJobQueue$Job.run(CompilerJobQueue.scala:152)
	at java.base/java.util.concurrent.ThreadPoolExecutor.runWorker(ThreadPoolExecutor.java:1128)
	at java.base/java.util.concurrent.ThreadPoolExecutor$Worker.run(ThreadPoolExecutor.java:628)
	at java.base/java.lang.Thread.run(Thread.java:829)
Exception in thread "pool-3-thread-7" java.lang.InterruptedException
	at scala.meta.internal.metals.FutureCancelToken.checkCanceled(FutureCancelToken.scala:29)
	at scala.meta.internal.pc.CompilerAccess.onCompilerJobQueue$$anonfun$1(CompilerAccess.scala:195)
	at scala.meta.internal.pc.CompilerJobQueue$Job.run(CompilerJobQueue.scala:152)
	at java.base/java.util.concurrent.ThreadPoolExecutor.runWorker(ThreadPoolExecutor.java:1128)
	at java.base/java.util.concurrent.ThreadPoolExecutor$Worker.run(ThreadPoolExecutor.java:628)
	at java.base/java.lang.Thread.run(Thread.java:829)
Exception in thread "pool-3-thread-8" java.lang.InterruptedException
	at scala.meta.internal.metals.FutureCancelToken.checkCanceled(FutureCancelToken.scala:29)
	at scala.meta.internal.pc.CompilerAccess.onCompilerJobQueue$$anonfun$1(CompilerAccess.scala:195)
	at scala.meta.internal.pc.CompilerJobQueue$Job.run(CompilerJobQueue.scala:152)
	at java.base/java.util.concurrent.ThreadPoolExecutor.runWorker(ThreadPoolExecutor.java:1128)
	at java.base/java.util.concurrent.ThreadPoolExecutor$Worker.run(ThreadPoolExecutor.java:628)
	at java.base/java.lang.Thread.run(Thread.java:829)
Exception in thread "pool-3-thread-9" java.lang.InterruptedException
	at scala.meta.internal.metals.FutureCancelToken.checkCanceled(FutureCancelToken.scala:29)
	at scala.meta.internal.pc.CompilerAccess.onCompilerJobQueue$$anonfun$1(CompilerAccess.scala:195)
	at scala.meta.internal.pc.CompilerJobQueue$Job.run(CompilerJobQueue.scala:152)
	at java.base/java.util.concurrent.ThreadPoolExecutor.runWorker(ThreadPoolExecutor.java:1128)
	at java.base/java.util.concurrent.ThreadPoolExecutor$Worker.run(ThreadPoolExecutor.java:628)
	at java.base/java.lang.Thread.run(Thread.java:829)
2023.03.01 06:45:22 WARN  no build target for: /build/cahp-ruby/src/main/scala/MainRegister.scala
Mar 01, 2023 6:45:22 AM org.eclipse.lsp4j.jsonrpc.RemoteEndpoint handleCancellation
WARNING: Unmatched cancel notification for request id 21
2023.03.01 06:45:28 WARN  no build target for: /build/cahp-ruby/src/main/scala/VSPCore.scala
Mar 01, 2023 6:45:28 AM org.eclipse.lsp4j.jsonrpc.RemoteEndpoint handleCancellation
WARNING: Unmatched cancel notification for request id 37
Exception in thread "pool-3-thread-10" java.lang.InterruptedException
	at scala.meta.internal.metals.FutureCancelToken.checkCanceled(FutureCancelToken.scala:29)
	at scala.meta.internal.pc.CompilerAccess.onCompilerJobQueue$$anonfun$1(CompilerAccess.scala:195)
	at scala.meta.internal.pc.CompilerJobQueue$Job.run(CompilerJobQueue.scala:152)
	at java.base/java.util.concurrent.ThreadPoolExecutor.runWorker(ThreadPoolExecutor.java:1128)
	at java.base/java.util.concurrent.ThreadPoolExecutor$Worker.run(ThreadPoolExecutor.java:628)
	at java.base/java.lang.Thread.run(Thread.java:829)
2023.03.01 06:45:28 WARN  no build target for: /build/cahp-ruby/src/main/scala/VSPCore.scala
2023.03.01 06:45:29 WARN  no build target for: /build/cahp-ruby/src/main/scala/VSPCore.scala
2023.03.01 06:45:29 WARN  no build target for: /build/cahp-ruby/src/main/scala/VSPCore.scala
2023.03.01 06:45:36 ERROR Starting the bsp launcher for bloop...
2023.03.01 06:45:36 ERROR Opening a bsp server connection with 'bsp --protocol local --socket /tmp/bsp-launcher16707470695404781021/bsp.socket'...
2023.03.01 06:45:36 ERROR Waiting for the bsp connection to come up...
2023.03.01 06:45:36 ERROR Waiting for the bsp connection to come up...
2023.03.01 06:45:36 ERROR Waiting for the bsp connection to come up...
2023.03.01 06:45:36 ERROR Waiting for the bsp connection to come up...
2023.03.01 06:45:36 ERROR Waiting for the bsp connection to come up...
2023.03.01 06:45:36 ERROR Waiting for the bsp connection to come up...
2023.03.01 06:45:36 ERROR Waiting for the bsp connection to come up...
2023.03.01 06:45:36 ERROR Waiting for the bsp connection to come up...
2023.03.01 06:45:36 ERROR Waiting for the bsp connection to come up...
2023.03.01 06:45:36 ERROR Waiting for the bsp connection to come up...
2023.03.01 06:45:36 ERROR Waiting for the bsp connection to come up...
2023.03.01 06:45:36 ERROR Waiting for the bsp connection to come up...
2023.03.01 06:45:36 ERROR Waiting for the bsp connection to come up...
2023.03.01 06:45:36 ERROR Waiting for the bsp connection to come up...
2023.03.01 06:45:36 ERROR Waiting for the bsp connection to come up...
2023.03.01 06:45:36 ERROR Waiting for the bsp connection to come up...
2023.03.01 06:45:36 ERROR Waiting for the bsp connection to come up...
2023.03.01 06:45:36 ERROR Waiting for the bsp connection to come up...
2023.03.01 06:45:36 ERROR Waiting for the bsp connection to come up...
2023.03.01 06:45:36 ERROR Waiting for the bsp connection to come up...
2023.03.01 06:45:36 ERROR Waiting for the bsp connection to come up...
2023.03.01 06:45:36 ERROR Waiting for the bsp connection to come up...
2023.03.01 06:45:36 ERROR Waiting for the bsp connection to come up...
2023.03.01 06:45:36 ERROR Waiting for the bsp connection to come up...
2023.03.01 06:45:36 ERROR Waiting for the bsp connection to come up...
2023.03.01 06:45:36 ERROR Waiting for the bsp connection to come up...
2023.03.01 06:45:36 ERROR Waiting for the bsp connection to come up...
2023.03.01 06:45:36 ERROR Waiting for the bsp connection to come up...
2023.03.01 06:45:36 ERROR Waiting for the bsp connection to come up...
2023.03.01 06:45:36 ERROR Waiting for the bsp connection to come up...
2023.03.01 06:45:36 ERROR Waiting for the bsp connection to come up...
2023.03.01 06:45:36 ERROR error: Giving up on waiting for a connection, printing embedded bloop logs:
2023.03.01 06:45:36 ERROR > No server running at 127.0.0.1:8212, let's fire one...
2023.03.01 06:45:36 ERROR > Resolving ch.epfl.scala:bloop-frontend_2.12:1.5.6...
2023.03.01 06:45:36 ERROR > Starting bloop server at 127.0.0.1:8212...
2023.03.01 06:45:36 ERROR > Attempting a connection to the server...
2023.03.01 06:45:36 ERROR > Attempting a connection to the server...
2023.03.01 06:45:36 ERROR > Attempting a connection to the server...
2023.03.01 06:45:36 ERROR > Attempting a connection to the server...
2023.03.01 06:45:36 ERROR > [0m[32m[D][0m Loading workspace settings from bloop.settings.json
2023.03.01 06:45:36 ERROR > [0m[32m[D][0m Loading 2 projects from '/build/cahp-ruby/.bloop'...
2023.03.01 06:45:36 ERROR > [0m[32m[D][0m Loading project from '/build/cahp-ruby/.bloop/cahp-ruby-test.json'
2023.03.01 06:45:36 ERROR > [0m[32m[D][0m Loading project from '/build/cahp-ruby/.bloop/cahp-ruby.json'
2023.03.01 06:45:36 ERROR > [0m[32m[D][0m Cache miss for scala instance org.scala-lang:scala-compiler:2.12.8.
2023.03.01 06:45:36 ERROR > [0m[32m[D][0m   => /root/.cache/coursier/v1/https/repo1.maven.org/maven2/jline/jline/2.14.6/jline-2.14.6.jar
2023.03.01 06:45:36 ERROR > [0m[32m[D][0m   => /root/.cache/coursier/v1/https/repo1.maven.org/maven2/org/scala-lang/modules/scala-xml_2.12/1.0.6/scala-xml_2.12-1.0.6.jar
2023.03.01 06:45:36 ERROR > [0m[32m[D][0m   => /root/.cache/coursier/v1/https/repo1.maven.org/maven2/org/scala-lang/scala-compiler/2.12.8/scala-compiler-2.12.8.jar
2023.03.01 06:45:36 ERROR > [0m[32m[D][0m   => /root/.cache/coursier/v1/https/repo1.maven.org/maven2/org/scala-lang/scala-library/2.12.8/scala-library-2.12.8.jar
2023.03.01 06:45:36 ERROR > [0m[32m[D][0m   => /root/.cache/coursier/v1/https/repo1.maven.org/maven2/org/scala-lang/scala-reflect/2.12.8/scala-reflect-2.12.8.jar
2023.03.01 06:45:36 ERROR > [0m[32m[D][0m Configured Java SemanticDB in projects 'cahp-ruby', 'cahp-ruby-test'
2023.03.01 06:45:36 ERROR > [0m[32m[D][0m Resolving org.scalameta:semanticdb-scalac_2.12.8:4.7.1
2023.03.01 06:45:36 ERROR error: Trying a tcp-based connection to the server instead...
2023.03.01 06:45:36 ERROR Opening a bsp server connection with 'bsp --protocol tcp --port 18755'...
2023.03.01 06:45:36 ERROR Waiting for the bsp connection to come up...
2023.03.01 06:45:36 ERROR Waiting for the bsp connection to come up...
2023.03.01 06:45:36 ERROR Waiting for the bsp connection to come up...
2023.03.01 06:45:36 ERROR Waiting for the bsp connection to come up...
2023.03.01 06:45:36 ERROR Waiting for the bsp connection to come up...
2023.03.01 06:45:36 ERROR Waiting for the bsp connection to come up...
2023.03.01 06:45:36 ERROR Waiting for the bsp connection to come up...
2023.03.01 06:45:36 ERROR Waiting for the bsp connection to come up...
2023.03.01 06:45:36 ERROR Waiting for the bsp connection to come up...
2023.03.01 06:45:36 ERROR Waiting for the bsp connection to come up...
2023.03.01 06:45:36 ERROR Waiting for the bsp connection to come up...
2023.03.01 06:45:36 ERROR Waiting for the bsp connection to come up...
2023.03.01 06:45:36 ERROR Waiting for the bsp connection to come up...
2023.03.01 06:45:36 ERROR Waiting for the bsp connection to come up...
2023.03.01 06:45:36 ERROR Waiting for the bsp connection to come up...
2023.03.01 06:45:36 ERROR Waiting for the bsp connection to come up...
2023.03.01 06:45:36 ERROR Waiting for the bsp connection to come up...
2023.03.01 06:45:36 ERROR Waiting for the bsp connection to come up...
2023.03.01 06:45:36 ERROR Waiting for the bsp connection to come up...
2023.03.01 06:45:36 ERROR Waiting for the bsp connection to come up...
2023.03.01 06:45:36 ERROR Waiting for the bsp connection to come up...
2023.03.01 06:45:36 ERROR Waiting for the bsp connection to come up...
2023.03.01 06:45:36 ERROR Waiting for the bsp connection to come up...
2023.03.01 06:45:36 ERROR Waiting for the bsp connection to come up...
2023.03.01 06:45:36 ERROR Waiting for the bsp connection to come up...
2023.03.01 06:45:36 ERROR Waiting for the bsp connection to come up...
2023.03.01 06:45:36 ERROR Waiting for the bsp connection to come up...
2023.03.01 06:45:36 ERROR Waiting for the bsp connection to come up...
2023.03.01 06:45:36 ERROR Waiting for the bsp connection to come up...
2023.03.01 06:45:36 ERROR Waiting for the bsp connection to come up...
2023.03.01 06:45:36 ERROR Waiting for the bsp connection to come up...
2023.03.01 06:45:36 ERROR error: Giving up on waiting for a connection, printing embedded bloop logs:
2023.03.01 06:45:36 ERROR > [0m[32m[D][0m Loading workspace settings from bloop.settings.json
2023.03.01 06:45:36 ERROR > [0m[32m[D][0m Loading 2 projects from '/build/cahp-ruby/.bloop'...
2023.03.01 06:45:36 ERROR > [0m[32m[D][0m Loading project from '/build/cahp-ruby/.bloop/cahp-ruby-test.json'
2023.03.01 06:45:36 ERROR > [0m[32m[D][0m Loading project from '/build/cahp-ruby/.bloop/cahp-ruby.json'
2023.03.01 06:45:36 ERROR > [0m[32m[D][0m Configured Java SemanticDB in projects 'cahp-ruby-test', 'cahp-ruby'
2023.03.01 06:45:36 ERROR > [0m[32m[D][0m Resolving org.scalameta:semanticdb-scalac_2.12.8:4.7.1
2023.03.01 06:45:36 ERROR error: The launcher failed to establish a bsp connection, aborting...
2023.03.01 06:45:36 ERROR Failed to connect with build server, no functionality will work.java.lang.RuntimeException: The server did not start, got FailedToOpenBspConnection
	at bloop.launcher.LauncherMain.failPromise$1(Launcher.scala:92)
	at bloop.launcher.LauncherMain.runLauncher(Launcher.scala:119)
	at scala.meta.internal.metals.BloopServers$$anon$2.run(BloopServers.scala:496)
	at java.util.concurrent.Executors$RunnableAdapter.call(Executors.java:515)
	at java.util.concurrent.FutureTask.run(FutureTask.java:264)
	at java.util.concurrent.ThreadPoolExecutor.runWorker(ThreadPoolExecutor.java:1128)
	at java.util.concurrent.ThreadPoolExecutor$Worker.run(ThreadPoolExecutor.java:628)
	at java.lang.Thread.run(Thread.java:829)

2023.03.01 06:45:36 WARN  no build target for: /build/cahp-ruby/src/main/scala/ALU.scala
2023.03.01 06:45:36 WARN  no build target for: /build/cahp-ruby/src/main/scala/MainRegister.scala
2023.03.01 06:45:36 WARN  no build target for: /build/cahp-ruby/src/main/scala/VSPCore.scala
2023.03.01 06:45:36 WARN  no build target for: /build/cahp-ruby/src/main/scala/MemUnit.scala
2023.03.01 06:45:36 WARN  no build target for: /build/cahp-ruby/src/main/scala/MainRegister.scala
2023.03.01 06:45:58 WARN  no build target for: /build/cahp-ruby/src/main/scala/Config.scala
2023.03.01 06:46:00 WARN  no build target for: /build/cahp-ruby/src/main/scala/CoreUnit.scala
2023.03.01 06:47:10 WARN  no build target for: /build/cahp-ruby/src/main/scala/Config.scala
2023.03.01 06:47:15 WARN  no build target for: /build/cahp-ruby/src/main/scala/CoreUnit.scala
2023.03.01 06:47:24 WARN  no build target for: /build/cahp-ruby/src/main/scala/DecoderUtils.scala
2023.03.01 06:47:31 WARN  no build target for: /build/cahp-ruby/src/main/scala/ExternalRam.scala
2023.03.01 06:47:36 WARN  no build target for: /build/cahp-ruby/src/main/scala/ExternalRam1KiB.scala
2023.03.01 06:47:38 WARN  no build target for: /build/cahp-ruby/src/main/scala/ExternalTestRam1.scala
2023.03.01 06:47:43 WARN  no build target for: /build/cahp-ruby/src/main/scala/ExternalTestRam1.scala
2023.03.01 06:47:46 WARN  no build target for: /build/cahp-ruby/src/main/scala/ExternalTestRam1.scala
Mar 01, 2023 6:47:46 AM org.eclipse.lsp4j.jsonrpc.RemoteEndpoint handleCancellation
WARNING: Unmatched cancel notification for request id 184
Mar 01, 2023 6:47:46 AM org.eclipse.lsp4j.jsonrpc.RemoteEndpoint handleCancellation
WARNING: Unmatched cancel notification for request id 188
Mar 01, 2023 6:53:07 AM org.eclipse.lsp4j.jsonrpc.services.GenericEndpoint notify
INFO: Unsupported notification method: $/setTrace
Mar 01, 2023 6:53:14 AM org.eclipse.lsp4j.jsonrpc.services.GenericEndpoint notify
INFO: Unsupported notification method: $/setTrace
Mar 01, 2023 6:53:31 AM org.eclipse.lsp4j.jsonrpc.services.GenericEndpoint notify
INFO: Unsupported notification method: $/setTrace
Mar 01, 2023 6:53:44 AM org.eclipse.lsp4j.jsonrpc.services.GenericEndpoint notify
INFO: Unsupported notification method: $/setTrace
Mar 01, 2023 6:53:45 AM org.eclipse.lsp4j.jsonrpc.services.GenericEndpoint notify
INFO: Unsupported notification method: $/setTrace
Mar 01, 2023 6:53:46 AM org.eclipse.lsp4j.jsonrpc.services.GenericEndpoint notify
INFO: Unsupported notification method: $/setTrace
Mar 01, 2023 6:53:46 AM org.eclipse.lsp4j.jsonrpc.services.GenericEndpoint notify
INFO: Unsupported notification method: $/setTrace
Mar 01, 2023 6:54:05 AM org.eclipse.lsp4j.jsonrpc.services.GenericEndpoint notify
INFO: Unsupported notification method: $/setTrace
2023.03.01 06:54:31 WARN  no build target for: /build/cahp-ruby/src/main/scala/VSPCore.scala
2023.03.01 06:54:31 WARN  no build target for: /build/cahp-ruby/src/main/scala/VSPCore.scala
2023.03.01 06:54:33 WARN  no build target for: /build/cahp-ruby/src/main/scala/VSPCore.scala
2023.03.01 06:54:33 WARN  no build target for: /build/cahp-ruby/src/main/scala/VSPCore.scala
2023.03.01 06:54:34 WARN  no build target for: /build/cahp-ruby/src/main/scala/VSPCore.scala
2023.03.01 06:54:34 WARN  no build target for: /build/cahp-ruby/src/main/scala/VSPCore.scala
2023.03.01 06:54:35 WARN  no build target for: /build/cahp-ruby/src/main/scala/VSPCore.scala
2023.03.01 06:54:35 WARN  no build target for: /build/cahp-ruby/src/main/scala/VSPCore.scala
2023.03.01 06:54:35 WARN  no build target for: /build/cahp-ruby/src/main/scala/VSPCore.scala
2023.03.01 06:54:38 WARN  no build target for: /build/cahp-ruby/src/main/scala/ALU.scala
2023.03.01 06:54:39 WARN  no build target for: /build/cahp-ruby/src/main/scala/Config.scala
2023.03.01 06:56:19 WARN  no build target for: /build/cahp-ruby/src/test/scala/CoreUnitSpec.scala
2023.03.01 06:57:07 WARN  no build target for: /build/cahp-ruby/build.sbt
2023.03.01 06:57:50 WARN  no build target for: /build/cahp-ruby/src/test/scala/CoreUnitSpec.scala
Mar 01, 2023 6:57:53 AM org.eclipse.lsp4j.jsonrpc.RemoteEndpoint handleCancellation
WARNING: Unmatched cancel notification for request id 338
Mar 01, 2023 6:59:31 AM org.eclipse.lsp4j.jsonrpc.RemoteEndpoint handleCancellation
WARNING: Unmatched cancel notification for request id 353
2023.03.01 07:01:10 INFO  shutting down Metals
